<?xml version="1.0" encoding="UTF-8"?>
<!-- Generated by org.testng.reporters.JUnitReportReporter -->
<testsuite skipped="0" hostname="macbook-MBP.lan" name="com.test.TestA" tests="3" failures="0" timestamp="2021-02-07T21:45:14 CST" time="40.610" errors="0">
  <testcase name="goToRedvet" time="17.826" classname="com.test.TestA"/>
  <testcase name="goToGoogle" time="9.111" classname="com.test.TestA"/>
  <testcase name="goToFace" time="13.673" classname="com.test.TestA"/>
</testsuite> <!-- com.test.TestA -->
