<?xml version="1.0" encoding="UTF-8"?>
<!-- Generated by org.testng.reporters.JUnitReportReporter -->
<testsuite skipped="0" hostname="macbook-MBP.lan" name="com.test.TestB" tests="3" failures="0" timestamp="2021-02-07T21:30:51 CST" time="0.003" errors="0">
  <testcase name="test2inB" time="0.000" classname="com.test.TestB"/>
  <testcase name="test1inB" time="0.002" classname="com.test.TestB"/>
  <testcase name="test3inB" time="0.001" classname="com.test.TestB"/>
</testsuite> <!-- com.test.TestB -->
